[2023-05-04T06:06:27.251+0000] {manager.py:487} INFO - Processing files using up to 2 processes at a time 
[2023-05-04T06:06:27.252+0000] {manager.py:488} INFO - Process each file at most once every 30 seconds
[2023-05-04T06:06:27.252+0000] {manager.py:490} INFO - Checking for new files in /opt/airflow/dags every 300 seconds
[2023-05-04T06:06:27.253+0000] {manager.py:758} INFO - Searching for files in /opt/airflow/dags
[2023-05-04T06:06:27.255+0000] {manager.py:761} INFO - There are 0 files in /opt/airflow/dags
[2023-05-04T06:09:33.465+0000] {manager.py:470} INFO - Exiting gracefully upon receiving signal 15
[2023-05-04T06:10:42.764+0000] {manager.py:487} INFO - Processing files using up to 2 processes at a time 
[2023-05-04T06:10:42.770+0000] {manager.py:488} INFO - Process each file at most once every 30 seconds
[2023-05-04T06:10:42.771+0000] {manager.py:490} INFO - Checking for new files in /opt/airflow/dags every 300 seconds
[2023-05-04T06:10:42.771+0000] {manager.py:758} INFO - Searching for files in /opt/airflow/dags
[2023-05-04T06:10:42.773+0000] {manager.py:761} INFO - There are 0 files in /opt/airflow/dags
[2023-05-04T06:10:48.515+0000] {manager.py:470} INFO - Exiting gracefully upon receiving signal 15
[2023-05-04T06:12:22.059+0000] {manager.py:487} INFO - Processing files using up to 2 processes at a time 
[2023-05-04T06:12:22.064+0000] {manager.py:488} INFO - Process each file at most once every 30 seconds
[2023-05-04T06:12:22.065+0000] {manager.py:490} INFO - Checking for new files in /opt/airflow/dags every 300 seconds
[2023-05-04T06:12:22.065+0000] {manager.py:758} INFO - Searching for files in /opt/airflow/dags
[2023-05-04T06:12:22.067+0000] {manager.py:761} INFO - There are 0 files in /opt/airflow/dags
[2023-05-04T06:12:33.483+0000] {manager.py:470} INFO - Exiting gracefully upon receiving signal 15
[2023-05-04T06:13:48.372+0000] {manager.py:487} INFO - Processing files using up to 2 processes at a time 
[2023-05-04T06:13:48.373+0000] {manager.py:488} INFO - Process each file at most once every 30 seconds
[2023-05-04T06:13:48.374+0000] {manager.py:490} INFO - Checking for new files in /opt/airflow/dags every 300 seconds
[2023-05-04T06:13:48.374+0000] {manager.py:758} INFO - Searching for files in /opt/airflow/dags
[2023-05-04T06:13:48.375+0000] {manager.py:761} INFO - There are 0 files in /opt/airflow/dags
[2023-05-04T06:14:46.357+0000] {manager.py:470} INFO - Exiting gracefully upon receiving signal 15
[2023-05-04T06:16:30.260+0000] {manager.py:487} INFO - Processing files using up to 2 processes at a time 
[2023-05-04T06:16:30.267+0000] {manager.py:488} INFO - Process each file at most once every 30 seconds
[2023-05-04T06:16:30.268+0000] {manager.py:490} INFO - Checking for new files in /opt/airflow/dags every 300 seconds
[2023-05-04T06:16:30.269+0000] {manager.py:758} INFO - Searching for files in /opt/airflow/dags
[2023-05-04T06:16:30.271+0000] {manager.py:761} INFO - There are 0 files in /opt/airflow/dags
[2023-05-04T06:19:25.909+0000] {manager.py:470} INFO - Exiting gracefully upon receiving signal 15
[2023-05-04T06:20:53.678+0000] {manager.py:487} INFO - Processing files using up to 2 processes at a time 
[2023-05-04T06:20:53.683+0000] {manager.py:488} INFO - Process each file at most once every 30 seconds
[2023-05-04T06:20:53.684+0000] {manager.py:490} INFO - Checking for new files in /opt/airflow/dags every 300 seconds
[2023-05-04T06:20:53.684+0000] {manager.py:758} INFO - Searching for files in /opt/airflow/dags
[2023-05-04T06:20:53.686+0000] {manager.py:761} INFO - There are 0 files in /opt/airflow/dags
[2023-05-04T06:25:08.392+0000] {manager.py:487} INFO - Processing files using up to 2 processes at a time 
[2023-05-04T06:25:08.401+0000] {manager.py:488} INFO - Process each file at most once every 30 seconds
[2023-05-04T06:25:08.401+0000] {manager.py:490} INFO - Checking for new files in /opt/airflow/dags every 300 seconds
[2023-05-04T06:25:08.402+0000] {manager.py:758} INFO - Searching for files in /opt/airflow/dags
[2023-05-04T06:25:08.403+0000] {manager.py:761} INFO - There are 0 files in /opt/airflow/dags
